c:\users\meyer\source\repos\progetto\progetto-di-grafica\progetto-di-grafica\graphicengine\x64\debug\vc141.pdb
c:\users\meyer\source\repos\progetto\progetto-di-grafica\progetto-di-grafica\graphicengine\x64\debug\vc141.idb
c:\users\meyer\source\repos\progetto\progetto-di-grafica\progetto-di-grafica\graphicengine\x64\debug\texture.obj
c:\users\meyer\source\repos\progetto\progetto-di-grafica\progetto-di-grafica\graphicengine\x64\debug\object.obj
c:\users\meyer\source\repos\progetto\progetto-di-grafica\progetto-di-grafica\graphicengine\x64\debug\node.obj
c:\users\meyer\source\repos\progetto\progetto-di-grafica\progetto-di-grafica\graphicengine\x64\debug\mesh.obj
c:\users\meyer\source\repos\progetto\progetto-di-grafica\progetto-di-grafica\graphicengine\x64\debug\material.obj
c:\users\meyer\source\repos\progetto\progetto-di-grafica\progetto-di-grafica\graphicengine\x64\debug\list.obj
c:\users\meyer\source\repos\progetto\progetto-di-grafica\progetto-di-grafica\graphicengine\x64\debug\light.obj
c:\users\meyer\source\repos\progetto\progetto-di-grafica\progetto-di-grafica\graphicengine\x64\debug\engine.obj
c:\users\meyer\source\repos\progetto\progetto-di-grafica\progetto-di-grafica\graphicengine\x64\debug\camera.obj
c:\users\meyer\source\repos\progetto\progetto-di-grafica\progetto-di-grafica\x64\debug\graphicengine.lib
c:\users\meyer\source\repos\progetto\progetto-di-grafica\progetto-di-grafica\x64\debug\graphicengine.exp
c:\users\meyer\source\repos\progetto\progetto-di-grafica\progetto-di-grafica\x64\debug\graphicengine.ilk
c:\users\meyer\source\repos\progetto\progetto-di-grafica\progetto-di-grafica\x64\debug\graphicengine.dll
c:\users\meyer\source\repos\progetto\progetto-di-grafica\progetto-di-grafica\x64\debug\graphicengine.pdb
c:\users\meyer\source\repos\progetto\progetto-di-grafica\progetto-di-grafica\graphicengine\x64\debug\graphicengine.tlog\cl.command.1.tlog
c:\users\meyer\source\repos\progetto\progetto-di-grafica\progetto-di-grafica\graphicengine\x64\debug\graphicengine.tlog\cl.read.1.tlog
c:\users\meyer\source\repos\progetto\progetto-di-grafica\progetto-di-grafica\graphicengine\x64\debug\graphicengine.tlog\cl.write.1.tlog
c:\users\meyer\source\repos\progetto\progetto-di-grafica\progetto-di-grafica\graphicengine\x64\debug\graphicengine.tlog\graphicengine.write.1u.tlog
c:\users\meyer\source\repos\progetto\progetto-di-grafica\progetto-di-grafica\graphicengine\x64\debug\graphicengine.tlog\link.command.1.tlog
c:\users\meyer\source\repos\progetto\progetto-di-grafica\progetto-di-grafica\graphicengine\x64\debug\graphicengine.tlog\link.read.1.tlog
c:\users\meyer\source\repos\progetto\progetto-di-grafica\progetto-di-grafica\graphicengine\x64\debug\graphicengine.tlog\link.write.1.tlog
